<?xml version="1.0" encoding="UTF-8"?>
<!-- Generated by org.testng.reporters.JUnitXMLReporter -->
<testsuite ignored="1" hostname="DESKTOP-PR275NH" failures="0" tests="1" name="Default test" time="54.219" errors="0" timestamp="2024-06-10T00:18:54 IST">
  <testcase classname="com.dolibarr.erp.prospectTest.CreateProspectTest" name="CreateInvoiceAndPaymentAndValidateForProspect" time="20.773"/>
  <testcase classname="com.dolibarr.erp.prospectTest.CreateProspectTest" name="createProspect" time="0.0">
    <ignored/>
  </testcase> <!-- createProspect -->
</testsuite> <!-- Default test -->
