<?xml version="1.0" encoding="UTF-8"?>
<testng-results ignored="0" total="1" passed="1" failed="0" skipped="0">
  <reporter-output>
  </reporter-output>
  <suite started-at="2024-06-10T00:18:00 IST" name="Default suite" finished-at="2024-06-10T00:18:54 IST" duration-ms="54219">
    <groups>
    </groups>
    <test started-at="2024-06-10T00:18:00 IST" name="Default test" finished-at="2024-06-10T00:18:54 IST" duration-ms="54219">
      <class name="com.dolibarr.erp.prospectTest.CreateProspectTest">
        <test-method is-config="true" signature="configBS()[pri:0, instance:com.dolibarr.erp.prospectTest.CreateProspectTest@66982506]" started-at="2024-06-10T00:17:59 IST" name="configBS" finished-at="2024-06-10T00:18:00 IST" duration-ms="221" status="PASS">
          <reporter-output>
          </reporter-output>
        </test-method> <!-- configBS -->
        <test-method is-config="true" signature="configBC()[pri:0, instance:com.dolibarr.erp.prospectTest.CreateProspectTest@66982506]" started-at="2024-06-10T00:18:00 IST" name="configBC" finished-at="2024-06-10T00:18:17 IST" duration-ms="16792" status="PASS">
          <reporter-output>
          </reporter-output>
        </test-method> <!-- configBC -->
        <test-method is-config="true" signature="configBM()[pri:0, instance:com.dolibarr.erp.prospectTest.CreateProspectTest@66982506]" started-at="2024-06-10T00:18:17 IST" name="configBM" finished-at="2024-06-10T00:18:27 IST" duration-ms="9759" status="PASS">
          <reporter-output>
          </reporter-output>
        </test-method> <!-- configBM -->
        <test-method signature="CreateInvoiceAndPaymentAndValidateForProspect()[pri:0, instance:com.dolibarr.erp.prospectTest.CreateProspectTest@66982506]" started-at="2024-06-10T00:18:27 IST" name="CreateInvoiceAndPaymentAndValidateForProspect" finished-at="2024-06-10T00:18:47 IST" duration-ms="20773" status="PASS">
          <reporter-output>
          </reporter-output>
        </test-method> <!-- CreateInvoiceAndPaymentAndValidateForProspect -->
        <test-method is-config="true" signature="configAM()[pri:0, instance:com.dolibarr.erp.prospectTest.CreateProspectTest@66982506]" started-at="2024-06-10T00:18:47 IST" name="configAM" finished-at="2024-06-10T00:18:51 IST" duration-ms="3728" status="PASS">
          <reporter-output>
          </reporter-output>
        </test-method> <!-- configAM -->
        <test-method is-config="true" signature="configAC()[pri:0, instance:com.dolibarr.erp.prospectTest.CreateProspectTest@66982506]" started-at="2024-06-10T00:18:51 IST" name="configAC" finished-at="2024-06-10T00:18:54 IST" duration-ms="2759" status="PASS">
          <reporter-output>
          </reporter-output>
        </test-method> <!-- configAC -->
        <test-method is-config="true" signature="configAS()[pri:0, instance:com.dolibarr.erp.prospectTest.CreateProspectTest@66982506]" started-at="2024-06-10T00:18:54 IST" name="configAS" finished-at="2024-06-10T00:18:54 IST" duration-ms="3" status="PASS">
          <reporter-output>
          </reporter-output>
        </test-method> <!-- configAS -->
      </class> <!-- com.dolibarr.erp.prospectTest.CreateProspectTest -->
    </test> <!-- Default test -->
  </suite> <!-- Default suite -->
</testng-results>
